C51 COMPILER V9.54   MOTOR                                                                 04/07/2020 16:44:55 PAGE 1   


C51 COMPILER V9.54, COMPILATION OF MODULE MOTOR
OBJECT MODULE PLACED IN .\Objects\Motor.obj
COMPILER INVOKED BY: C:\Program Files (x86)\Spring Program Files(x86)\MDK4 and MDK5\C51\BIN\C51.EXE Motor.c OPTIMIZE(8,S
                    -PEED) BROWSE INCDIR(..\Keil 源代码 - 副本) DEBUG OBJECTEXTEND PRINT(.\Listings\Motor.lst) TABS(2) OBJECT(.\Objects\Motor
                    -.obj)

line level    source

   1          
   2          
   3          #include "Motor.h"
   4          
   5          #define Motor_Step  120   //步进电机脉冲数，控制开关角度
   6          #define speed 5     //控制电机转速
   7          
   8          uchar tab[4] = {0xfe,0xfd,0xfb,0xf7}; //每次只有一个管脚输出低电平，电机转动
   9          
  10          void Motor_open(void)
  11          {
  12   1        uchar i =0;
  13   1        uchar step;
  14   1        step = Motor_Step;
  15   1        if(Motor_State > 5)//本来就是打开的
  16   1          return;
  17   1        else
  18   1        {
  19   2          while(--step)
  20   2          {
  21   3            for(i=0;i<4;i++)
  22   3            {
  23   4              P1 &= tab[i];
  24   4              delay_ms(speed);
  25   4              P1 |= 0x0f;
  26   4            }
  27   3          }
  28   2          Motor_State = 7;  
  29   2        }
  30   1      }
  31          //END of Function
  32          
  33          
  34          void Motor_close(void)
  35          {
  36   1        uchar i =0;
  37   1        uchar step;
  38   1        step = Motor_Step;
  39   1        if(Motor_State < 5)//本来就是关闭的
  40   1          return;
  41   1        else
  42   1        {
  43   2          while(--step)
  44   2          {
  45   3            for(i=4;i>0;i--)
  46   3            {
  47   4              P1 &= tab[i-1];
  48   4              delay_ms(speed);
  49   4              P1 |= 0x0f;
  50   4            }
  51   3          }
  52   2          Motor_State = 3;
  53   2        }
C51 COMPILER V9.54   MOTOR                                                                 04/07/2020 16:44:55 PAGE 2   

  54   1      }
  55          //END of Function
  56          
  57          
  58          
  59          


MODULE INFORMATION:   STATIC OVERLAYABLE
   CODE SIZE        =    112    ----
   CONSTANT SIZE    =   ----    ----
   XDATA SIZE       =   ----    ----
   PDATA SIZE       =   ----    ----
   DATA SIZE        =      4       4
   IDATA SIZE       =   ----    ----
   BIT SIZE         =   ----    ----
END OF MODULE INFORMATION.


C51 COMPILATION COMPLETE.  0 WARNING(S),  0 ERROR(S)
