C51 COMPILER V9.54   USART                                                                 03/15/2020 18:46:42 PAGE 1   


C51 COMPILER V9.54, COMPILATION OF MODULE USART
OBJECT MODULE PLACED IN .\Objects\Usart.obj
COMPILER INVOKED BY: C:\Program Files (x86)\Spring Program Files(x86)\MDK4 and MDK5\C51\BIN\C51.EXE Usart.c OPTIMIZE(8,S
                    -PEED) BROWSE INCDIR(..\Keil 源代码 - 副本) DEBUG OBJECTEXTEND PRINT(.\Listings\Usart.lst) TABS(2) OBJECT(.\Objects\Usart
                    -.obj)

line level    source

   1          
   2          
   3          
   4          #include "Usart.h"
   5          
   6          
   7          
   8          
   9          


MODULE INFORMATION:   STATIC OVERLAYABLE
   CODE SIZE        =   ----    ----
   CONSTANT SIZE    =   ----    ----
   XDATA SIZE       =   ----    ----
   PDATA SIZE       =   ----    ----
   DATA SIZE        =   ----    ----
   IDATA SIZE       =   ----    ----
   BIT SIZE         =   ----    ----
END OF MODULE INFORMATION.


C51 COMPILATION COMPLETE.  0 WARNING(S),  0 ERROR(S)
