Removed Pin From Net: NetName=NetFM1_1 Pin=Q1-1
Removed Pin From Net: NetName=VCC Pin=Q1-3
Removed Pin From Net: NetName=NetQ1_2 Pin=R4-1
Removed Pin From Net: NetName=VCC Pin=R4-2
Change Component Designator: OldDesignator=C1 NewDesignator=C10
Change Component Designator: OldDesignator=C2 NewDesignator=C13
Change Component Designator: OldDesignator=C3 NewDesignator=C2
Change Component Designator: OldDesignator=C4 NewDesignator=C7
Change Component Designator: OldDesignator=C5 NewDesignator=C8
Change Component Designator: OldDesignator=C6 NewDesignator=C9
Change Component Designator: OldDesignator=C7 NewDesignator=C11
Change Component Designator: OldDesignator=C8 NewDesignator=C12
Change Component Designator: OldDesignator=C9 NewDesignator=C1
Change Component Designator: OldDesignator=C10 NewDesignator=C3
Change Component Designator: OldDesignator=C11 NewDesignator=C4
Change Component Designator: OldDesignator=C12 NewDesignator=C5
Change Component Designator: OldDesignator=C13 NewDesignator=C6
Change Component Designator: OldDesignator=LED1 NewDesignator=LED2
Change Component Designator: OldDesignator=LED2 NewDesignator=LED1
Change Component Designator: OldDesignator=Module1 NewDesignator=Module2
Change Component Designator: OldDesignator=Module2 NewDesignator=Module1
Change Component Designator: OldDesignator=Module3 NewDesignator=Module4
Change Component Designator: OldDesignator=Module4 NewDesignator=Module3
Change Component Designator: OldDesignator=R4 NewDesignator=R8
Change Component Designator: OldDesignator=R5 NewDesignator=R9
Change Component Designator: OldDesignator=R6 NewDesignator=R11
Change Component Designator: OldDesignator=R7 NewDesignator=R4
Change Component Designator: OldDesignator=R8 NewDesignator=R5
Change Component Designator: OldDesignator=R9 NewDesignator=R6
Change Component Designator: OldDesignator=U1 NewDesignator=U4
Change Component Designator: OldDesignator=U2 NewDesignator=U3
Change Component Designator: OldDesignator=U3 NewDesignator=U1
Change Component Designator: OldDesignator=U4 NewDesignator=U2
Change Component Designator: OldDesignator=Y1 NewDesignator=Y2
Change Component Designator: OldDesignator=Y2 NewDesignator=Y1
Added Component: Designator=R7(RES_POT-3296W)
Added Pin To Net: NetName=VCC Pin=Module3-1
Added Pin To Net: NetName=VCC Pin=Q1-1
Added Pin To Net: NetName=NetFM1_1 Pin=Q1-3
Added Pin To Net: NetName=VCC Pin=R7-2
Added Pin To Net: NetName=VCC Pin=R7-3
Added Pin To Net: NetName=VCC Pin=R8-1
Added Pin To Net: NetName=NetQ1_2 Pin=R8-2
Added Pin To Net: NetName=GND Pin=U5-4
Added Pin To Net: NetName=GND Pin=U5-9
Added Pin To Net: NetName=VCC Pin=U5-19
Added Pin To Net: NetName=GND Pin=U6-1
Added Pin To Net: NetName=VCC Pin=U6-4
Added Pin To Net: NetName=VCC Pin=U6-6
Added Pin To Net: NetName=VCC Pin=U6-9
Added Pin To Net: NetName=VCC Pin=U6-11
Added Pin To Net: NetName=GND Pin=U6-15
Change Net Name : Old Net Name=NetC7_1 New Net Name=NetC11_1
Change Net Name : Old Net Name=NetC8_1 New Net Name=NetC12_1
Change Net Name : Old Net Name=NetC11_2 New Net Name=NetC4_2
Change Net Name : Old Net Name=NetC12_2 New Net Name=NetC5_2
Change Net Name : Old Net Name=NetC13_2 New Net Name=NetC6_2
Change Net Name : Old Net Name=NetModule4_2 New Net Name=NetModule3_2
Change Net Name : Old Net Name=NetModule4_3 New Net Name=NetModule3_3
Change Net Name : Old Net Name=NetModule4_4 New Net Name=NetModule3_4
Change Net Name : Old Net Name=NetModule4_5 New Net Name=NetModule3_5
Added Pin To Net: NetName=A Pin=LED1-11
Added Pin To Net: NetName=A Pin=LED2-11
Added Pin To Net: NetName=A Pin=U5-14
Added Net: Name=A
Added Pin To Net: NetName=B Pin=LED1-7
Added Pin To Net: NetName=B Pin=LED2-7
Added Pin To Net: NetName=B Pin=U5-16
Added Net: Name=B
Added Pin To Net: NetName=CLK Pin=U5-13
Added Net: Name=CLK
Added Pin To Net: NetName=CS Pin=U5-12
Added Net: Name=CS
Added Pin To Net: NetName=C Pin=LED1-4
Added Pin To Net: NetName=C Pin=LED2-4
Added Pin To Net: NetName=C Pin=U5-20
Added Net: Name=C
Added Pin To Net: NetName=DIN Pin=U5-1
Added Net: Name=DIN
Added Pin To Net: NetName=DP Pin=LED1-3
Added Pin To Net: NetName=DP Pin=LED2-3
Added Pin To Net: NetName=DP Pin=U5-22
Added Net: Name=DP
Added Pin To Net: NetName=D Pin=LED1-2
Added Pin To Net: NetName=D Pin=LED2-2
Added Pin To Net: NetName=D Pin=U5-23
Added Net: Name=D
Added Pin To Net: NetName=E Pin=LED1-1
Added Pin To Net: NetName=E Pin=LED2-1
Added Pin To Net: NetName=E Pin=U5-21
Added Net: Name=E
Added Pin To Net: NetName=F Pin=LED1-10
Added Pin To Net: NetName=F Pin=LED2-10
Added Pin To Net: NetName=F Pin=U5-15
Added Net: Name=F
Added Pin To Net: NetName=G Pin=LED1-5
Added Pin To Net: NetName=G Pin=LED2-5
Added Pin To Net: NetName=G Pin=U5-17
Added Net: Name=G
Added Pin To Net: NetName=IN1 Pin=U6-5
Added Net: Name=IN1
Added Pin To Net: NetName=IN2 Pin=U6-7
Added Net: Name=IN2
Added Pin To Net: NetName=IN3 Pin=U6-10
Added Net: Name=IN3
Added Pin To Net: NetName=IN4 Pin=U6-12
Added Net: Name=IN4
Added Pin To Net: NetName=NetR7_1 Pin=R7-1
Added Pin To Net: NetName=NetR7_1 Pin=U5-18
Added Net: Name=NetR7_1
Added Pin To Net: NetName=W1 Pin=LED1-12
Added Pin To Net: NetName=W1 Pin=U5-2
Added Net: Name=W1
Added Pin To Net: NetName=W2 Pin=LED1-9
Added Pin To Net: NetName=W2 Pin=U5-11
Added Net: Name=W2
Added Pin To Net: NetName=W3 Pin=LED1-8
Added Pin To Net: NetName=W3 Pin=U5-6
Added Net: Name=W3
Added Pin To Net: NetName=W4 Pin=LED1-6
Added Pin To Net: NetName=W4 Pin=U5-7
Added Net: Name=W4
Added Pin To Net: NetName=W5 Pin=LED2-12
Added Pin To Net: NetName=W5 Pin=U5-3
Added Net: Name=W5
Added Pin To Net: NetName=W6 Pin=LED2-9
Added Pin To Net: NetName=W6 Pin=U5-10
Added Net: Name=W6
Added Pin To Net: NetName=W7 Pin=LED2-8
Added Pin To Net: NetName=W7 Pin=U5-5
Added Net: Name=W7
Added Pin To Net: NetName=W8 Pin=LED2-6
Added Pin To Net: NetName=W8 Pin=U5-8
Added Net: Name=W8
Added Member To Class: ClassName=Sheet_V01 Member=Component R1 10k
Added Member To Class: ClassName=Sheet_V01 Member=Component R2 10k
Added Member To Class: ClassName=Sheet_V01 Member=Component R3 10k
Added Member To Class: ClassName=Sheet_V01 Member=Component R11 10k
