Change Component Designator: Old Designator=C1 New Designator=C10
Change Component Designator: Old Designator=C2 New Designator=C13
Change Component Designator: Old Designator=C3 New Designator=C2
Change Component Designator: Old Designator=C4 New Designator=C7
Change Component Designator: Old Designator=C5 New Designator=C8
Change Component Designator: Old Designator=C6 New Designator=C9
Change Component Designator: Old Designator=C7 New Designator=C11
Change Component Designator: Old Designator=C8 New Designator=C12
Change Component Designator: Old Designator=C9 New Designator=C1
Change Component Designator: Old Designator=C10 New Designator=C3
Change Component Designator: Old Designator=C11 New Designator=C4
Change Component Designator: Old Designator=C12 New Designator=C5
Change Component Designator: Old Designator=C13 New Designator=C6
Change Component Designator: Old Designator=LED1 New Designator=LED2
Change Component Designator: Old Designator=LED2 New Designator=LED1
Change Component Designator: Old Designator=Module1 New Designator=Module2
Change Component Designator: Old Designator=Module2 New Designator=Module1
Change Component Designator: Old Designator=Module3 New Designator=Module4
Change Component Designator: Old Designator=Module4 New Designator=Module3
Change Component Designator: Old Designator=R4 New Designator=R8
Change Component Designator: Old Designator=R5 New Designator=R9
Change Component Designator: Old Designator=R6 New Designator=R11
Change Component Designator: Old Designator=R7 New Designator=R4
Change Component Designator: Old Designator=R8 New Designator=R5
Change Component Designator: Old Designator=R9 New Designator=R6
Change Component Designator: Old Designator=R New Designator=R7
Change Component Designator: Old Designator=U1 New Designator=U4
Change Component Designator: Old Designator=U2 New Designator=U3
Change Component Designator: Old Designator=U3 New Designator=U1
Change Component Designator: Old Designator=U4 New Designator=U2
Change Component Designator: Old Designator=Y1 New Designator=Y2
Change Component Designator: Old Designator=Y2 New Designator=Y1
